#
# There is insufficient memory for the Java Runtime Environment to continue.
# Native memory allocation (malloc) failed to allocate 477936 bytes for Chunk::new
# Possible reasons:
#   The system is out of physical RAM or swap space
#   The process is running with CompressedOops enabled, and the Java Heap may be blocking the growth of the native heap
# Possible solutions:
#   Reduce memory load on the system
#   Increase physical memory or swap space
#   Check if swap backing store is full
#   Decrease Java heap size (-Xmx/-Xms)
#   Decrease number of Java threads
#   Decrease Java thread stack sizes (-Xss)
#   Set larger code cache with -XX:ReservedCodeCacheSize=
#   JVM is running with Unscaled Compressed Oops mode in which the Java heap is
#     placed in the first 4GB address space. The Java Heap base address is the
#     maximum limit for the native heap growth. Please use -XX:HeapBaseMinAddress
#     to set the Java Heap base and to place the Java Heap above 4GB virtual address.
# This output file may be truncated or incomplete.
#
#  Out of Memory Error (t:/workspace/open/src/hotspot/share/memory/arena.cpp:197), pid=1724, tid=10532
#
# JRE version: OpenJDK Runtime Environment (11.0.2+9) (build 11.0.2+9)
# Java VM: OpenJDK 64-Bit Server VM (11.0.2+9, mixed mode, tiered, compressed oops, g1 gc, windows-amd64)
# No core dump will be written. Minidumps are not enabled by default on client versions of Windows
#

---------------  S U M M A R Y ------------

Command Line: -Xmx64m -Xms64m -Dorg.gradle.appname=gradlew org.gradle.wrapper.GradleWrapperMain assembleDebug

Host: Intel(R) Core(TM) i5-4200U CPU @ 1.60GHz, 4 cores, 3G,  Windows 10 , 64 bit Build 19041 (10.0.19041.4957)
Time: Fri Oct 25 18:19:05 2024 Pakistan Standard Time elapsed time: 181 seconds (0d 0h 3m 1s)

---------------  T H R E A D  ---------------

Current thread (0x0000029fb1f8a800):  JavaThread "C2 CompilerThread0" daemon [_thread_in_native, id=10532, stack(0x000000b0bad00000,0x000000b0bae00000)]


Current CompileTask:
C2: 181405 1735       4       org.gradle.internal.logging.console.DefaultWorkInProgressFormatter::format (102 bytes)

Stack: [0x000000b0bad00000,0x000000b0bae00000]
Native frames: (J=compiled Java code, j=interpreted, Vv=VM code, C=native code)
V  [jvm.dll+0x63489a]
V  [jvm.dll+0x771f9f]
V  [jvm.dll+0x773648]
V  [jvm.dll+0x773d03]
V  [jvm.dll+0x25eba8]
V  [jvm.dll+0xc2191]
V  [jvm.dll+0xc271c]
V  [jvm.dll+0x36cc02]
V  [jvm.dll+0x339b13]
V  [jvm.dll+0x338eea]
V  [jvm.dll+0x2189c5]
V  [jvm.dll+0x217b6a]
V  [jvm.dll+0x194370]
V  [jvm.dll+0x226b3f]
V  [jvm.dll+0x225148]
V  [jvm.dll+0x73774d]
V  [jvm.dll+0x633942]
C  [ucrtbase.dll+0x21bb2]
C  [KERNEL32.DLL+0x17374]
C  [ntdll.dll+0x4cc91]


---------------  P R O C E S S  ---------------

Threads class SMR info:
_java_thread_list=0x0000029fb3128220, length=13, elements={
0x0000029f97d6b800, 0x0000029fb1f39000, 0x0000029fb1f25000, 0x0000029fb1f85800,
0x0000029fb1f86000, 0x0000029fb1f8a800, 0x0000029fb1f8d800, 0x0000029fb1f92800,
0x0000029fb21fa000, 0x0000029fb220e000, 0x0000029fb2df0000, 0x0000029fb322a800,
0x0000029fb26e7000
}

Java Threads: ( => current thread )
  0x0000029f97d6b800 JavaThread "main" [_thread_in_native, id=18004, stack(0x000000b0ba200000,0x000000b0ba300000)]
  0x0000029fb1f39000 JavaThread "Reference Handler" daemon [_thread_blocked, id=14884, stack(0x000000b0ba900000,0x000000b0baa00000)]
  0x0000029fb1f25000 JavaThread "Finalizer" daemon [_thread_blocked, id=892, stack(0x000000b0baa00000,0x000000b0bab00000)]
  0x0000029fb1f85800 JavaThread "Signal Dispatcher" daemon [_thread_blocked, id=8036, stack(0x000000b0bab00000,0x000000b0bac00000)]
  0x0000029fb1f86000 JavaThread "Attach Listener" daemon [_thread_blocked, id=16428, stack(0x000000b0bac00000,0x000000b0bad00000)]
=>0x0000029fb1f8a800 JavaThread "C2 CompilerThread0" daemon [_thread_in_native, id=10532, stack(0x000000b0bad00000,0x000000b0bae00000)]
  0x0000029fb1f8d800 JavaThread "C1 CompilerThread0" daemon [_thread_blocked, id=15308, stack(0x000000b0bae00000,0x000000b0baf00000)]
  0x0000029fb1f92800 JavaThread "Sweeper thread" daemon [_thread_blocked, id=15260, stack(0x000000b0baf00000,0x000000b0bb000000)]
  0x0000029fb21fa000 JavaThread "Service Thread" daemon [_thread_blocked, id=1484, stack(0x000000b0bb000000,0x000000b0bb100000)]
  0x0000029fb220e000 JavaThread "Common-Cleaner" daemon [_thread_blocked, id=10092, stack(0x000000b0bb200000,0x000000b0bb300000)]
  0x0000029fb2df0000 JavaThread "pool-1-thread-1" [_thread_in_Java, id=3828, stack(0x000000b0bb500000,0x000000b0bb600000)]
  0x0000029fb322a800 JavaThread "DisconnectableInputStream source reader" daemon [_thread_in_native, id=15712, stack(0x000000b0bbb00000,0x000000b0bbc00000)]
  0x0000029fb26e7000 JavaThread "Forward input" [_thread_blocked, id=4456, stack(0x000000b0bbc00000,0x000000b0bbd00000)]

Other Threads:
  0x0000029fb1efc800 VMThread "VM Thread" [stack: 0x000000b0ba800000,0x000000b0ba900000] [id=17136]
  0x0000029fb2207800 WatcherThread [stack: 0x000000b0bb100000,0x000000b0bb200000] [id=13436]
  0x0000029f97d82000 GCTaskThread "GC Thread#0" [stack: 0x000000b0ba300000,0x000000b0ba400000] [id=2588]
  0x0000029fb2457000 GCTaskThread "GC Thread#1" [stack: 0x000000b0bb300000,0x000000b0bb400000] [id=9704]
  0x0000029fb2eb7000 GCTaskThread "GC Thread#2" [stack: 0x000000b0bb800000,0x000000b0bb900000] [id=14092]
  0x0000029fb2eb7800 GCTaskThread "GC Thread#3" [stack: 0x000000b0bb900000,0x000000b0bba00000] [id=224]
  0x0000029f97d89000 ConcurrentGCThread "G1 Main Marker" [stack: 0x000000b0ba400000,0x000000b0ba500000] [id=15620]
  0x0000029f97d8a800 ConcurrentGCThread "G1 Conc#0" [stack: 0x000000b0ba500000,0x000000b0ba600000] [id=3064]
  0x0000029f97dd6800 ConcurrentGCThread "G1 Refine#0" [stack: 0x000000b0ba600000,0x000000b0ba700000] [id=1476]
  0x0000029f97dd7800 ConcurrentGCThread "G1 Young RemSet Sampling" [stack: 0x000000b0ba700000,0x000000b0ba800000] [id=15324]

Threads with active compile tasks:
C2 CompilerThread01735       4       org.gradle.internal.logging.console.DefaultWorkInProgressFormatter::format (102 bytes)

VM state:not at safepoint (normal execution)

VM Mutex/Monitor currently owned by a thread: None

Heap address: 0x00000000fc000000, size: 64 MB, Compressed Oops mode: 32-bit
Narrow klass base: 0x0000000000000000, Narrow klass shift: 3
Compressed class space size: 1073741824 Address: 0x0000000100000000

Heap:
 garbage-first heap   total 65536K, used 20938K [0x00000000fc000000, 0x0000000100000000)
  region size 1024K, 15 young (15360K), 5 survivors (5120K)
 Metaspace       used 17558K, capacity 17871K, committed 18048K, reserved 1064960K
  class space    used 2000K, capacity 2136K, committed 2176K, reserved 1048576K
Heap Regions: E=young(eden), S=young(survivor), O=old, HS=humongous(starts), HC=humongous(continues), CS=collection set, F=free, A=archive, TAMS=top-at-mark-start (previous, next)
|   0|0x00000000fc000000, 0x00000000fc100000, 0x00000000fc100000|100%| O|  |TAMS 0x00000000fc000000, 0x00000000fc000000| Untracked 
|   1|0x00000000fc100000, 0x00000000fc200000, 0x00000000fc200000|100%| O|  |TAMS 0x00000000fc100000, 0x00000000fc100000| Untracked 
|   2|0x00000000fc200000, 0x00000000fc300000, 0x00000000fc300000|100%|HS|  |TAMS 0x00000000fc200000, 0x00000000fc200000| Complete 
|   3|0x00000000fc300000, 0x00000000fc400000, 0x00000000fc400000|100%|HC|  |TAMS 0x00000000fc300000, 0x00000000fc300000| Complete 
|   4|0x00000000fc400000, 0x00000000fc500000, 0x00000000fc500000|100%|HC|  |TAMS 0x00000000fc400000, 0x00000000fc400000| Complete 
|   5|0x00000000fc500000, 0x00000000fc600000, 0x00000000fc600000|100%|HC|  |TAMS 0x00000000fc500000, 0x00000000fc500000| Complete 
|   6|0x00000000fc600000, 0x00000000fc672800, 0x00000000fc700000| 44%| O|  |TAMS 0x00000000fc600000, 0x00000000fc600000| Untracked 
|   7|0x00000000fc700000, 0x00000000fc700000, 0x00000000fc800000|  0%| F|  |TAMS 0x00000000fc700000, 0x00000000fc700000| Untracked 
|   8|0x00000000fc800000, 0x00000000fc800000, 0x00000000fc900000|  0%| F|  |TAMS 0x00000000fc800000, 0x00000000fc800000| Untracked 
|   9|0x00000000fc900000, 0x00000000fc900000, 0x00000000fca00000|  0%| F|  |TAMS 0x00000000fc900000, 0x00000000fc900000| Untracked 
|  10|0x00000000fca00000, 0x00000000fca00000, 0x00000000fcb00000|  0%| F|  |TAMS 0x00000000fca00000, 0x00000000fca00000| Untracked 
|  11|0x00000000fcb00000, 0x00000000fcb00000, 0x00000000fcc00000|  0%| F|  |TAMS 0x00000000fcb00000, 0x00000000fcb00000| Untracked 
|  12|0x00000000fcc00000, 0x00000000fcc00000, 0x00000000fcd00000|  0%| F|  |TAMS 0x00000000fcc00000, 0x00000000fcc00000| Untracked 
|  13|0x00000000fcd00000, 0x00000000fcd00000, 0x00000000fce00000|  0%| F|  |TAMS 0x00000000fcd00000, 0x00000000fcd00000| Untracked 
|  14|0x00000000fce00000, 0x00000000fce00000, 0x00000000fcf00000|  0%| F|  |TAMS 0x00000000fce00000, 0x00000000fce00000| Untracked 
|  15|0x00000000fcf00000, 0x00000000fcf00000, 0x00000000fd000000|  0%| F|  |TAMS 0x00000000fcf00000, 0x00000000fcf00000| Untracked 
|  16|0x00000000fd000000, 0x00000000fd000000, 0x00000000fd100000|  0%| F|  |TAMS 0x00000000fd000000, 0x00000000fd000000| Untracked 
|  17|0x00000000fd100000, 0x00000000fd100000, 0x00000000fd200000|  0%| F|  |TAMS 0x00000000fd100000, 0x00000000fd100000| Untracked 
|  18|0x00000000fd200000, 0x00000000fd200000, 0x00000000fd300000|  0%| F|  |TAMS 0x00000000fd200000, 0x00000000fd200000| Untracked 
|  19|0x00000000fd300000, 0x00000000fd300000, 0x00000000fd400000|  0%| F|  |TAMS 0x00000000fd300000, 0x00000000fd300000| Untracked 
|  20|0x00000000fd400000, 0x00000000fd400000, 0x00000000fd500000|  0%| F|  |TAMS 0x00000000fd400000, 0x00000000fd400000| Untracked 
|  21|0x00000000fd500000, 0x00000000fd600000, 0x00000000fd600000|100%| S|CS|TAMS 0x00000000fd500000, 0x00000000fd500000| Complete 
|  22|0x00000000fd600000, 0x00000000fd700000, 0x00000000fd700000|100%| S|CS|TAMS 0x00000000fd600000, 0x00000000fd600000| Complete 
|  23|0x00000000fd700000, 0x00000000fd800000, 0x00000000fd800000|100%| S|CS|TAMS 0x00000000fd700000, 0x00000000fd700000| Complete 
|  24|0x00000000fd800000, 0x00000000fd900000, 0x00000000fd900000|100%| S|CS|TAMS 0x00000000fd800000, 0x00000000fd800000| Complete 
|  25|0x00000000fd900000, 0x00000000fda00000, 0x00000000fda00000|100%| S|CS|TAMS 0x00000000fd900000, 0x00000000fd900000| Complete 
|  26|0x00000000fda00000, 0x00000000fda00000, 0x00000000fdb00000|  0%| F|  |TAMS 0x00000000fda00000, 0x00000000fda00000| Untracked 
|  27|0x00000000fdb00000, 0x00000000fdb00000, 0x00000000fdc00000|  0%| F|  |TAMS 0x00000000fdb00000, 0x00000000fdb00000| Untracked 
|  28|0x00000000fdc00000, 0x00000000fdc00000, 0x00000000fdd00000|  0%| F|  |TAMS 0x00000000fdc00000, 0x00000000fdc00000| Untracked 
|  29|0x00000000fdd00000, 0x00000000fdd00000, 0x00000000fde00000|  0%| F|  |TAMS 0x00000000fdd00000, 0x00000000fdd00000| Untracked 
|  30|0x00000000fde00000, 0x00000000fde00000, 0x00000000fdf00000|  0%| F|  |TAMS 0x00000000fde00000, 0x00000000fde00000| Untracked 
|  31|0x00000000fdf00000, 0x00000000fdf00000, 0x00000000fe000000|  0%| F|  |TAMS 0x00000000fdf00000, 0x00000000fdf00000| Untracked 
|  32|0x00000000fe000000, 0x00000000fe000000, 0x00000000fe100000|  0%| F|  |TAMS 0x00000000fe000000, 0x00000000fe000000| Untracked 
|  33|0x00000000fe100000, 0x00000000fe100000, 0x00000000fe200000|  0%| F|  |TAMS 0x00000000fe100000, 0x00000000fe100000| Untracked 
|  34|0x00000000fe200000, 0x00000000fe200000, 0x00000000fe300000|  0%| F|  |TAMS 0x00000000fe200000, 0x00000000fe200000| Untracked 
|  35|0x00000000fe300000, 0x00000000fe300000, 0x00000000fe400000|  0%| F|  |TAMS 0x00000000fe300000, 0x00000000fe300000| Untracked 
|  36|0x00000000fe400000, 0x00000000fe400000, 0x00000000fe500000|  0%| F|  |TAMS 0x00000000fe400000, 0x00000000fe400000| Untracked 
|  37|0x00000000fe500000, 0x00000000fe500000, 0x00000000fe600000|  0%| F|  |TAMS 0x00000000fe500000, 0x00000000fe500000| Untracked 
|  38|0x00000000fe600000, 0x00000000fe600000, 0x00000000fe700000|  0%| F|  |TAMS 0x00000000fe600000, 0x00000000fe600000| Untracked 
|  39|0x00000000fe700000, 0x00000000fe700000, 0x00000000fe800000|  0%| F|  |TAMS 0x00000000fe700000, 0x00000000fe700000| Untracked 
|  40|0x00000000fe800000, 0x00000000fe800000, 0x00000000fe900000|  0%| F|  |TAMS 0x00000000fe800000, 0x00000000fe800000| Untracked 
|  41|0x00000000fe900000, 0x00000000fe900000, 0x00000000fea00000|  0%| F|  |TAMS 0x00000000fe900000, 0x00000000fe900000| Untracked 
|  42|0x00000000fea00000, 0x00000000fea00000, 0x00000000feb00000|  0%| F|  |TAMS 0x00000000fea00000, 0x00000000fea00000| Untracked 
|  43|0x00000000feb00000, 0x00000000feb00000, 0x00000000fec00000|  0%| F|  |TAMS 0x00000000feb00000, 0x00000000feb00000| Untracked 
|  44|0x00000000fec00000, 0x00000000fec00000, 0x00000000fed00000|  0%| F|  |TAMS 0x00000000fec00000, 0x00000000fec00000| Untracked 
|  45|0x00000000fed00000, 0x00000000fed00000, 0x00000000fee00000|  0%| F|  |TAMS 0x00000000fed00000, 0x00000000fed00000| Untracked 
|  46|0x00000000fee00000, 0x00000000fee00000, 0x00000000fef00000|  0%| F|  |TAMS 0x00000000fee00000, 0x00000000fee00000| Untracked 
|  47|0x00000000fef00000, 0x00000000fef00000, 0x00000000ff000000|  0%| F|  |TAMS 0x00000000fef00000, 0x00000000fef00000| Untracked 
|  48|0x00000000ff000000, 0x00000000ff000000, 0x00000000ff100000|  0%| F|  |TAMS 0x00000000ff000000, 0x00000000ff000000| Untracked 
|  49|0x00000000ff100000, 0x00000000ff100000, 0x00000000ff200000|  0%| F|  |TAMS 0x00000000ff100000, 0x00000000ff100000| Untracked 
|  50|0x00000000ff200000, 0x00000000ff200000, 0x00000000ff300000|  0%| F|  |TAMS 0x00000000ff200000, 0x00000000ff200000| Untracked 
|  51|0x00000000ff300000, 0x00000000ff300000, 0x00000000ff400000|  0%| F|  |TAMS 0x00000000ff300000, 0x00000000ff300000| Untracked 
|  52|0x00000000ff400000, 0x00000000ff400000, 0x00000000ff500000|  0%| F|  |TAMS 0x00000000ff400000, 0x00000000ff400000| Untracked 
|  53|0x00000000ff500000, 0x00000000ff500000, 0x00000000ff600000|  0%| F|  |TAMS 0x00000000ff500000, 0x00000000ff500000| Untracked 
|  54|0x00000000ff600000, 0x00000000ff680630, 0x00000000ff700000| 50%| E|  |TAMS 0x00000000ff600000, 0x00000000ff600000| Complete 
|  55|0x00000000ff700000, 0x00000000ff800000, 0x00000000ff800000|100%| E|CS|TAMS 0x00000000ff700000, 0x00000000ff700000| Complete 
|  56|0x00000000ff800000, 0x00000000ff900000, 0x00000000ff900000|100%| E|CS|TAMS 0x00000000ff800000, 0x00000000ff800000| Complete 
|  57|0x00000000ff900000, 0x00000000ffa00000, 0x00000000ffa00000|100%| E|CS|TAMS 0x00000000ff900000, 0x00000000ff900000| Complete 
|  58|0x00000000ffa00000, 0x00000000ffb00000, 0x00000000ffb00000|100%| E|CS|TAMS 0x00000000ffa00000, 0x00000000ffa00000| Complete 
|  59|0x00000000ffb00000, 0x00000000ffc00000, 0x00000000ffc00000|100%| E|CS|TAMS 0x00000000ffb00000, 0x00000000ffb00000| Complete 
|  60|0x00000000ffc00000, 0x00000000ffd00000, 0x00000000ffd00000|100%| E|CS|TAMS 0x00000000ffc00000, 0x00000000ffc00000| Complete 
|  61|0x00000000ffd00000, 0x00000000ffe00000, 0x00000000ffe00000|100%| E|CS|TAMS 0x00000000ffd00000, 0x00000000ffd00000| Complete 
|  62|0x00000000ffe00000, 0x00000000fff00000, 0x00000000fff00000|100%| E|CS|TAMS 0x00000000ffe00000, 0x00000000ffe00000| Complete 
|  63|0x00000000fff00000, 0x0000000100000000, 0x0000000100000000|100%| E|CS|TAMS 0x00000000fff00000, 0x00000000fff00000| Complete 

Card table byte_map: [0x0000029f97bc0000,0x0000029f97be0000] _byte_map_base: 0x0000029f973e0000

Marking Bits (Prev, Next): (CMBitMap*) 0x0000029f97d87d38, (CMBitMap*) 0x0000029f97d87d70
 Prev Bits: [0x0000029f97c00000, 0x0000029f97d00000)
 Next Bits: [0x0000029faf090000, 0x0000029faf190000)

Polling page: 0x0000029f97530000

Metaspace:

Usage:
  Non-class:     15.37 MB capacity,    15.19 MB ( 99%) used,   150.20 KB ( <1%) free+waste,    27.38 KB ( <1%) overhead. 
      Class:      2.09 MB capacity,     1.95 MB ( 94%) used,   121.77 KB (  6%) free+waste,    13.63 KB ( <1%) overhead. 
       Both:     17.45 MB capacity,    17.15 MB ( 98%) used,   271.98 KB (  2%) free+waste,    41.00 KB ( <1%) overhead. 

Virtual space:
  Non-class space:       16.00 MB reserved,      15.50 MB ( 97%) committed 
      Class space:        1.00 GB reserved,       2.13 MB ( <1%) committed 
             Both:        1.02 GB reserved,      17.63 MB (  2%) committed 

Chunk freelists:
   Non-Class:  1.13 KB
       Class:  1.00 KB
        Both:  2.13 KB

CodeHeap 'non-profiled nmethods': size=120064Kb used=588Kb max_used=603Kb free=119475Kb
 bounds [0x0000029fa7b50000, 0x0000029fa7dc0000, 0x0000029faf090000]
CodeHeap 'profiled nmethods': size=120000Kb used=3187Kb max_used=3459Kb free=116812Kb
 bounds [0x0000029fa0620000, 0x0000029fa0990000, 0x0000029fa7b50000]
CodeHeap 'non-nmethods': size=5696Kb used=1117Kb max_used=1134Kb free=4578Kb
 bounds [0x0000029fa0090000, 0x0000029fa0300000, 0x0000029fa0620000]
 total_blobs=2585 nmethods=1590 adapters=355
 compilation: enabled
              stopped_count=0, restarted_count=0
 full_count=0

Compilation events (10 events):
Event: 181.119 Thread 0x0000029fb1f8d800 nmethod 1730 0x0000029fa7b86c90 code [0x0000029fa7b86e40, 0x0000029fa7b86f58]
Event: 181.138 Thread 0x0000029fb1f8a800 1731       4       java.util.concurrent.locks.AbstractQueuedSynchronizer::release (33 bytes)
Event: 181.142 Thread 0x0000029fb1f8a800 nmethod 1731 0x0000029fa7b86910 code [0x0000029fa7b86aa0, 0x0000029fa7b86b78]
Event: 181.143 Thread 0x0000029fb1f8a800 1732       4       org.gradle.internal.operations.OperationIdentifier::equals (47 bytes)
Event: 181.149 Thread 0x0000029fb1f8a800 nmethod 1732 0x0000029fa7b86610 code [0x0000029fa7b867a0, 0x0000029fa7b86858]
Event: 181.248 Thread 0x0000029fb1f8d800 1733       1       java.lang.InheritableThreadLocal::getMap (5 bytes)
Event: 181.253 Thread 0x0000029fb1f8d800 nmethod 1733 0x0000029fa7b86290 code [0x0000029fa7b86440, 0x0000029fa7b86558]
Event: 181.279 Thread 0x0000029fb1f8d800 1734       1       java.util.concurrent.ThreadPoolExecutor::beforeExecute (1 bytes)
Event: 181.279 Thread 0x0000029fb1f8d800 nmethod 1734 0x0000029fa7b85f10 code [0x0000029fa7b860c0, 0x0000029fa7b861d8]
Event: 181.288 Thread 0x0000029fb1f8a800 1735       4       org.gradle.internal.logging.console.DefaultWorkInProgressFormatter::format (102 bytes)

GC Heap History (4 events):
Event: 0.769 GC heap before
{Heap before GC invocations=0 (full 0):
 garbage-first heap   total 65536K, used 13312K [0x00000000fc000000, 0x0000000100000000)
  region size 1024K, 14 young (14336K), 0 survivors (0K)
 Metaspace       used 7506K, capacity 7653K, committed 7936K, reserved 1056768K
  class space    used 664K, capacity 718K, committed 768K, reserved 1048576K
}
Event: 0.774 GC heap after
{Heap after GC invocations=1 (full 0):
 garbage-first heap   total 65536K, used 3318K [0x00000000fc000000, 0x0000000100000000)
  region size 1024K, 2 young (2048K), 2 survivors (2048K)
 Metaspace       used 7506K, capacity 7653K, committed 7936K, reserved 1056768K
  class space    used 664K, capacity 718K, committed 768K, reserved 1048576K
}
Event: 2.540 GC heap before
{Heap before GC invocations=1 (full 0):
 garbage-first heap   total 65536K, used 43254K [0x00000000fc000000, 0x0000000100000000)
  region size 1024K, 38 young (38912K), 2 survivors (2048K)
 Metaspace       used 15514K, capacity 15809K, committed 16000K, reserved 1062912K
  class space    used 1777K, capacity 1896K, committed 1920K, reserved 1048576K
}
Event: 2.548 GC heap after
{Heap after GC invocations=2 (full 0):
 garbage-first heap   total 65536K, used 11722K [0x00000000fc000000, 0x0000000100000000)
  region size 1024K, 5 young (5120K), 5 survivors (5120K)
 Metaspace       used 15514K, capacity 15809K, committed 16000K, reserved 1062912K
  class space    used 1777K, capacity 1896K, committed 1920K, reserved 1048576K
}

Deoptimization events (10 events):
Event: 1.251 Thread 0x0000029f97d6b800 Uncommon trap: reason=class_check action=maybe_recompile pc=0x0000029fa7b6f1d8 method=java.util.regex.Matcher.match(II)Z @ 121 c2
Event: 1.251 Thread 0x0000029f97d6b800 Uncommon trap: reason=class_check action=maybe_recompile pc=0x0000029fa7b6f1d8 method=java.util.regex.Matcher.match(II)Z @ 121 c2
Event: 1.264 Thread 0x0000029f97d6b800 Uncommon trap: reason=unstable_if action=reinterpret pc=0x0000029fa7b946dc method=java.util.HashMap.hash(Ljava/lang/Object;)I @ 1 c2
Event: 1.425 Thread 0x0000029f97d6b800 Uncommon trap: reason=unstable_if action=reinterpret pc=0x0000029fa7b72114 method=java.io.WinNTFileSystem.resolve(Ljava/lang/String;Ljava/lang/String;)Ljava/lang/String; @ 70 c2
Event: 1.532 Thread 0x0000029f97d6b800 Uncommon trap: reason=unstable_if action=reinterpret pc=0x0000029fa7bada28 method=java.util.HashMap.getNode(ILjava/lang/Object;)Ljava/util/HashMap$Node; @ 129 c2
Event: 1.533 Thread 0x0000029f97d6b800 Uncommon trap: reason=unstable_if action=reinterpret pc=0x0000029fa7bab430 method=java.util.HashMap.getNode(ILjava/lang/Object;)Ljava/util/HashMap$Node; @ 129 c2
Event: 1.743 Thread 0x0000029f97d6b800 Uncommon trap: reason=unstable_if action=reinterpret pc=0x0000029fa7b84408 method=java.lang.AbstractStringBuilder.append(Ljava/lang/String;)Ljava/lang/AbstractStringBuilder; @ 1 c2
Event: 1.750 Thread 0x0000029f97d6b800 Uncommon trap: reason=unstable_if action=reinterpret pc=0x0000029fa7bb1ea0 method=java.io.WinNTFileSystem.normalize(Ljava/lang/String;)Ljava/lang/String; @ 128 c2
Event: 2.426 Thread 0x0000029fb2b62800 Uncommon trap: reason=unstable_if action=reinterpret pc=0x0000029fa7bb5a70 method=java.util.concurrent.ConcurrentHashMap.putVal(Ljava/lang/Object;Ljava/lang/Object;Z)Ljava/lang/Object; @ 97 c2
Event: 3.053 Thread 0x0000029f97d6b800 Uncommon trap: reason=unstable_if action=reinterpret pc=0x0000029fa7b99600 method=java.lang.AbstractStringBuilder.append(Ljava/lang/String;)Ljava/lang/AbstractStringBuilder; @ 1 c2

Classes redefined (0 events):
No events

Internal exceptions (10 events):
Event: 2.124 Thread 0x0000029f97d6b800 Exception <a 'java/lang/NoSuchMethodError'{0x00000000fe160a80}: java.lang.invoke.DirectMethodHandle$Holder.invokeStaticInit(Ljava/lang/Object;Ljava/lang/Object;IIII)Ljava/lang/Object;> (0x00000000fe160a80) thrown at [t:/workspace/open/src/hotspot/share/in
Event: 2.189 Thread 0x0000029fb2f9a800 Exception <a 'java/lang/NoSuchMethodError'{0x00000000fde00b80}: java.lang.invoke.DirectMethodHandle$Holder.invokeSpecial(Ljava/lang/Object;Ljava/lang/Object;)V> (0x00000000fde00b80) thrown at [t:/workspace/open/src/hotspot/share/interpreter/linkResolver.c
Event: 2.206 Thread 0x0000029fb2f9a800 Exception <a 'java/lang/NoSuchMethodError'{0x00000000fde12e78}: java.lang.invoke.DirectMethodHandle$Holder.invokeStatic(Ljava/lang/Object;J)V> (0x00000000fde12e78) thrown at [t:/workspace/open/src/hotspot/share/interpreter/linkResolver.cpp, line 772]
Event: 2.207 Thread 0x0000029fb2f9a800 Exception <a 'java/lang/NoSuchMethodError'{0x00000000fde18080}: java.lang.invoke.DirectMethodHandle$Holder.invokeStatic(Ljava/lang/Object;J)Ljava/lang/Object;> (0x00000000fde18080) thrown at [t:/workspace/open/src/hotspot/share/interpreter/linkResolver.cp
Event: 2.211 Thread 0x0000029fb2f9a800 Exception <a 'java/lang/NoSuchMethodError'{0x00000000fde26118}: java.lang.invoke.DirectMethodHandle$Holder.invokeStaticInit(Ljava/lang/Object;Ljava/lang/Object;JLjava/lang/Object;)Ljava/lang/Object;> (0x00000000fde26118) thrown at [t:/workspace/open/src/h
Event: 2.212 Thread 0x0000029fb2f9a800 Exception <a 'java/lang/NoSuchMethodError'{0x00000000fde2c038}: java.lang.invoke.DirectMethodHandle$Holder.invokeStatic(Ljava/lang/Object;Ljava/lang/Object;J)Ljava/lang/Object;> (0x00000000fde2c038) thrown at [t:/workspace/open/src/hotspot/share/interpret
Event: 2.215 Thread 0x0000029fb2f9a800 Exception <a 'java/lang/NoSuchMethodError'{0x00000000fde32308}: java.lang.invoke.Invokers$Holder.linkToTargetMethod(Ljava/lang/Object;JLjava/lang/Object;)Ljava/lang/Object;> (0x00000000fde32308) thrown at [t:/workspace/open/src/hotspot/share/interpreter/l
Event: 2.435 Thread 0x0000029fb2f9a800 Exception <a 'java/lang/NoSuchMethodError'{0x00000000fde43358}: java.lang.invoke.DirectMethodHandle$Holder.invokeSpecial(Ljava/lang/Object;Ljava/lang/Object;I)V> (0x00000000fde43358) thrown at [t:/workspace/open/src/hotspot/share/interpreter/linkResolver.
Event: 2.435 Thread 0x0000029fb2f9a800 Exception <a 'java/lang/NoSuchMethodError'{0x00000000fde48c08}: java.lang.invoke.Invokers$Holder.linkToTargetMethod(Ljava/lang/Object;ILjava/lang/Object;)Ljava/lang/Object;> (0x00000000fde48c08) thrown at [t:/workspace/open/src/hotspot/share/interpreter/l
Event: 3.053 Thread 0x0000029f97d6b800 Implicit null exception at 0x0000029fa7b990f4 to 0x0000029fa7b995e6

Events (10 events):
Event: 101.473 Thread 0x0000029fb1f92800 flushing nmethod 0x0000029fa0779490
Event: 101.474 Thread 0x0000029fb1f92800 flushing nmethod 0x0000029fa077fd90
Event: 101.474 Thread 0x0000029fb1f92800 flushing nmethod 0x0000029fa0782890
Event: 101.476 Thread 0x0000029fb1f92800 flushing nmethod 0x0000029fa07a6910
Event: 101.478 Thread 0x0000029fb1f92800 flushing nmethod 0x0000029fa07bd910
Event: 101.478 Thread 0x0000029fb1f92800 flushing nmethod 0x0000029fa07bed10
Event: 101.480 Thread 0x0000029fb1f92800 flushing nmethod 0x0000029fa07cf490
Event: 101.480 Thread 0x0000029fb1f92800 flushing nmethod 0x0000029fa07d3e90
Event: 101.480 Thread 0x0000029fb1f92800 flushing nmethod 0x0000029fa07d4710
Event: 101.482 Thread 0x0000029fb1f92800 flushing nmethod 0x0000029fa080be90


Dynamic libraries:
0x00007ff65a220000 - 0x00007ff65a265000 	C:\Users\Pc world\AppData\Local\jdk-11.0.2\bin\java.exe
0x00007ffede6b0000 - 0x00007ffede8a8000 	C:\Windows\SYSTEM32\ntdll.dll
0x00007ffedc6d0000 - 0x00007ffedc792000 	C:\Windows\System32\KERNEL32.DLL
0x00007ffedc280000 - 0x00007ffedc57e000 	C:\Windows\System32\KERNELBASE.dll
0x00007ffede010000 - 0x00007ffede1ad000 	C:\Windows\System32\USER32.dll
0x00007ffedbd50000 - 0x00007ffedbd72000 	C:\Windows\System32\win32u.dll
0x00007ffedd430000 - 0x00007ffedd45b000 	C:\Windows\System32\GDI32.dll
0x00007ffedbf80000 - 0x00007ffedc097000 	C:\Windows\System32\gdi32full.dll
0x00007ffedc580000 - 0x00007ffedc61d000 	C:\Windows\System32\msvcp_win.dll
0x00007ffedc0a0000 - 0x00007ffedc1a0000 	C:\Windows\System32\ucrtbase.dll
0x00007ffec9a10000 - 0x00007ffec9caa000 	C:\Windows\WinSxS\amd64_microsoft.windows.common-controls_6595b64144ccf1df_6.0.19041.4355_none_60b8b9eb71f62e16\COMCTL32.dll
0x00007ffedd0e0000 - 0x00007ffedd17e000 	C:\Windows\System32\msvcrt.dll
0x00007ffedcff0000 - 0x00007ffedd01f000 	C:\Windows\System32\IMM32.DLL
0x00007ffec59f0000 - 0x00007ffec5a06000 	C:\Users\Pc world\AppData\Local\jdk-11.0.2\bin\vcruntime140.dll
0x00007ffeb02b0000 - 0x00007ffeb035a000 	C:\Users\Pc world\AppData\Local\jdk-11.0.2\bin\msvcp140.dll
0x00007ffe53020000 - 0x00007ffe53b43000 	C:\Users\Pc world\AppData\Local\jdk-11.0.2\bin\server\jvm.dll
0x00007ffedd7e0000 - 0x00007ffedd892000 	C:\Windows\System32\ADVAPI32.dll
0x00007ffedc860000 - 0x00007ffedc900000 	C:\Windows\System32\sechost.dll
0x00007ffedd640000 - 0x00007ffedd763000 	C:\Windows\System32\RPCRT4.dll
0x00007ffedbd80000 - 0x00007ffedbda7000 	C:\Windows\System32\bcrypt.dll
0x00007ffedc850000 - 0x00007ffedc858000 	C:\Windows\System32\PSAPI.DLL
0x00007ffed8250000 - 0x00007ffed8259000 	C:\Windows\SYSTEM32\WSOCK32.dll
0x00007ffecaac0000 - 0x00007ffecaae7000 	C:\Windows\SYSTEM32\WINMM.dll
0x00007ffedd180000 - 0x00007ffedd1eb000 	C:\Windows\System32\WS2_32.dll
0x00007ffecc370000 - 0x00007ffecc37a000 	C:\Windows\SYSTEM32\VERSION.dll
0x00007ffed9b90000 - 0x00007ffed9ba2000 	C:\Windows\SYSTEM32\kernel.appcore.dll
0x00007ffec59d0000 - 0x00007ffec59e1000 	C:\Users\Pc world\AppData\Local\jdk-11.0.2\bin\verify.dll
0x00007ffecac20000 - 0x00007ffecae04000 	C:\Windows\SYSTEM32\DBGHELP.DLL
0x00007ffeca8f0000 - 0x00007ffeca924000 	C:\Windows\SYSTEM32\dbgcore.DLL
0x00007ffedc1a0000 - 0x00007ffedc222000 	C:\Windows\System32\bcryptPrimitives.dll
0x00007ffec3bf0000 - 0x00007ffec3c18000 	C:\Users\Pc world\AppData\Local\jdk-11.0.2\bin\java.dll
0x00007ffec33d0000 - 0x00007ffec33e6000 	C:\Users\Pc world\AppData\Local\jdk-11.0.2\bin\zip.dll
0x00007ffed5920000 - 0x00007ffed592a000 	C:\Users\Pc world\AppData\Local\jdk-11.0.2\bin\jimage.dll
0x00007ffedd8a0000 - 0x00007ffede00f000 	C:\Windows\System32\SHELL32.dll
0x00007ffed9d90000 - 0x00007ffeda534000 	C:\Windows\SYSTEM32\windows.storage.dll
0x00007ffede1b0000 - 0x00007ffede503000 	C:\Windows\System32\combase.dll
0x00007ffedb6a0000 - 0x00007ffedb6ce000 	C:\Windows\SYSTEM32\Wldp.dll
0x00007ffede5a0000 - 0x00007ffede66d000 	C:\Windows\System32\OLEAUT32.dll
0x00007ffedd590000 - 0x00007ffedd63d000 	C:\Windows\System32\SHCORE.dll
0x00007ffedd080000 - 0x00007ffedd0d5000 	C:\Windows\System32\shlwapi.dll
0x00007ffedbc80000 - 0x00007ffedbca4000 	C:\Windows\SYSTEM32\profapi.dll
0x00007ffec33b0000 - 0x00007ffec33c9000 	C:\Users\Pc world\AppData\Local\jdk-11.0.2\bin\net.dll
0x00007ffed34f0000 - 0x00007ffed35fd000 	C:\Windows\SYSTEM32\WINHTTP.dll
0x00007ffecddd0000 - 0x00007ffecdfbc000 	C:\Windows\SYSTEM32\urlmon.dll
0x00007ffed3600000 - 0x00007ffed3628000 	C:\Windows\SYSTEM32\srvcli.dll
0x00007ffedb170000 - 0x00007ffedb17c000 	C:\Windows\SYSTEM32\netutils.dll
0x00007ffece100000 - 0x00007ffece3be000 	C:\Windows\SYSTEM32\iertutil.dll
0x00007ffedb480000 - 0x00007ffedb4ea000 	C:\Windows\system32\mswsock.dll
0x00007ffec2d50000 - 0x00007ffec2d63000 	C:\Users\Pc world\AppData\Local\jdk-11.0.2\bin\nio.dll
0x00007ffeb8de0000 - 0x00007ffeb8e07000 	C:\Users\Pc world\.gradle\native\c067742578af261105cb4f569cf0c3c89f3d7b1fecec35dd04571415982c5e48\windows-amd64\native-platform.dll
0x00007ffed5200000 - 0x00007ffed520a000 	C:\Users\Pc world\.gradle\native\jansi\1.18\windows64\jansi.dll
0x00007ffed4d70000 - 0x00007ffed4d79000 	C:\Users\Pc world\AppData\Local\jdk-11.0.2\bin\management.dll
0x00007ffed4a00000 - 0x00007ffed4a0c000 	C:\Users\Pc world\AppData\Local\jdk-11.0.2\bin\management_ext.dll
0x00007ffedb6e0000 - 0x00007ffedb6f8000 	C:\Windows\SYSTEM32\CRYPTSP.dll
0x00007ffedad50000 - 0x00007ffedad84000 	C:\Windows\system32\rsaenh.dll
0x00007ffedbc40000 - 0x00007ffedbc6e000 	C:\Windows\SYSTEM32\USERENV.dll
0x00007ffedb610000 - 0x00007ffedb61c000 	C:\Windows\SYSTEM32\CRYPTBASE.dll
0x00007ffedb130000 - 0x00007ffedb16b000 	C:\Windows\SYSTEM32\IPHLPAPI.DLL
0x00007ffedd7d0000 - 0x00007ffedd7d8000 	C:\Windows\System32\NSI.dll
0x00007ffed5a20000 - 0x00007ffed5a37000 	C:\Windows\SYSTEM32\dhcpcsvc6.DLL
0x00007ffed59c0000 - 0x00007ffed59dd000 	C:\Windows\SYSTEM32\dhcpcsvc.DLL
0x00007ffedb180000 - 0x00007ffedb24a000 	C:\Windows\SYSTEM32\DNSAPI.dll

dbghelp: loaded successfully - version: 4.0.5 - missing functions: none
symbol engine: initialized successfully - sym options: 0x614 - pdb path: .;C:\Users\Pc world\AppData\Local\jdk-11.0.2\bin;C:\Windows\SYSTEM32;C:\Windows\WinSxS\amd64_microsoft.windows.common-controls_6595b64144ccf1df_6.0.19041.4355_none_60b8b9eb71f62e16;C:\Users\Pc world\AppData\Local\jdk-11.0.2\bin\server;C:\Users\Pc world\.gradle\native\c067742578af261105cb4f569cf0c3c89f3d7b1fecec35dd04571415982c5e48\windows-amd64;C:\Users\Pc world\.gradle\native\jansi\1.18\windows64

VM Arguments:
jvm_args: -Xmx64m -Xms64m -Dorg.gradle.appname=gradlew 
java_command: org.gradle.wrapper.GradleWrapperMain assembleDebug
java_class_path (initial): C:\Users\Pc world\Desktop\ChemicalFinder\android\\gradle\wrapper\gradle-wrapper.jar
Launcher Type: SUN_STANDARD

[Global flags]
     intx CICompilerCount                          = 3                                         {product} {ergonomic}
     uint ConcGCThreads                            = 1                                         {product} {ergonomic}
     uint G1ConcRefinementThreads                  = 4                                         {product} {ergonomic}
   size_t G1HeapRegionSize                         = 1048576                                   {product} {ergonomic}
    uintx GCDrainStackTargetSize                   = 64                                        {product} {ergonomic}
   size_t InitialHeapSize                          = 67108864                                  {product} {command line}
   size_t MarkStackSize                            = 4194304                                   {product} {ergonomic}
   size_t MaxHeapSize                              = 67108864                                  {product} {command line}
   size_t MaxNewSize                               = 39845888                                  {product} {ergonomic}
   size_t MinHeapDeltaBytes                        = 1048576                                   {product} {ergonomic}
    uintx NonNMethodCodeHeapSize                   = 5830092                                {pd product} {ergonomic}
    uintx NonProfiledCodeHeapSize                  = 122914074                              {pd product} {ergonomic}
    uintx ProfiledCodeHeapSize                     = 122914074                              {pd product} {ergonomic}
    uintx ReservedCodeCacheSize                    = 251658240                              {pd product} {ergonomic}
     bool SegmentedCodeCache                       = true                                      {product} {ergonomic}
     bool UseCompressedClassPointers               = true                                 {lp64_product} {ergonomic}
     bool UseCompressedOops                        = true                                 {lp64_product} {ergonomic}
     bool UseG1GC                                  = true                                      {product} {ergonomic}
     bool UseLargePagesIndividualAllocation        = false                                  {pd product} {ergonomic}

Logging:
Log output configuration:
 #0: stdout all=warning uptime,level,tags
 #1: stderr all=off uptime,level,tags

Environment Variables:
JAVA_HOME=C:\Users\Pc world\AppData\Local\jdk-11.0.2
CLASSPATH=C:\Users\Pc world\Desktop\ChemicalFinder\android\\gradle\wrapper\gradle-wrapper.jar
PATH=C:\Program Files\Common Files\Oracle\Java\javapath;C:\Program Files\OpenLogic\jdk-21.0.3.1-hotspot\bin;C:\Program Files\Microsoft\jdk-17.0.10.7-hotspot\bin;C:\Windows\system32;C:\Windows;C:\Windows\System32\Wbem;C:\Windows\System32\WindowsPowerShell\v1.0\;C:\Windows\System32\OpenSSH\;C:\ProgramData\chocolatey\bin;C:\MinGW\bin;C:\Program Files\Git\cmd;C:\Program Files\Git\mingw64\bin;C:\Program Files\Git\usr\bin;C:\Program Files\nodejs\;C:\Users\Pc world\AppData\Local\Android\Sdk;C:\Users\Pc world\AppData\Local\Android\Sdk\platform-tools;C:\scrcpy;C:\Program Files\PuTTY\;C:\Users\Pc world\AppData\Local\Programs\Python\Python312\Scripts\;C:\Users\Pc world\AppData\Local\Programs\Python\Python312\;C:\Users\Pc world\AppData\Local\Programs\Python\Launcher\;C:\Users\Pc world\AppData\Local\jdk-11.0.2\bin;C:\Users\Pc world\AppData\Local\Microsoft\WindowsApps;C:\Users\Pc world\AppData\Local\Programs\Microsoft VS Code\bin;C:\Users\Pc world\AppData\Roaming\npm;C:\Users\Pc world\AppData\Local\Android\Sdk\platform-tools;C:\Users\Pc world\AppData\Local\Android\Sdk;C:\Users\Pc world\AppData\Local\Android\Sdk\emulator;C:\Users\Pc world\AppData\Local\Android\Sdk\tools;C:\Users\Pc world\AppData\Local\Android\Sdk\tools\bin;
USERNAME=Pc world
OS=Windows_NT
PROCESSOR_IDENTIFIER=Intel64 Family 6 Model 69 Stepping 1, GenuineIntel



---------------  S Y S T E M  ---------------

OS: Windows 10 , 64 bit Build 19041 (10.0.19041.4957)

CPU:total 4 (initial active 4) (2 cores per cpu, 2 threads per core) family 6 model 69 stepping 1, cmov, cx8, fxsr, mmx, sse, sse2, sse3, ssse3, sse4.1, sse4.2, popcnt, avx, avx2, aes, clmul, erms, lzcnt, ht, tsc, tscinvbit, bmi1, bmi2, fma

Memory: 4k page, system-wide physical 4017M (154M free)
TotalPageFile size 10991M (AvailPageFile size 1M)
current process WorkingSet (physical memory assigned to process): 20M, peak: 109M
current process commit charge ("private bytes"): 157M, peak: 158M

vm_info: OpenJDK 64-Bit Server VM (11.0.2+9) for windows-amd64 JRE (11.0.2+9), built on Jan 18 2019 05:23:22 by "mach5one" with MS VC++ 15.5 (VS2017)

END.
